2022-04-08 16:29:12,337 [Worker-4: Loading available Gradle versions] INFO  o.e.b.c.i.u.g.PublishedGradleVersions - Gradle version information cache is out-of-date. Trying to update.
2022-04-08 16:29:13,311 [Worker-4: Loading available Gradle versions] INFO  o.e.b.c.i.u.g.PublishedGradleVersions - Updating Gradle version information cache failed. Using outdated cache.
2022-04-08 16:31:51,022 [Worker-5: Building] INFO  o.e.m.c.i.l.LifecycleMappingFactory - Using org.eclipse.m2e.jdt.JarLifecycleMapping lifecycle mapping for MavenProject: KiteApp12:KiteAppProject:0.0.1-SNAPSHOT @ C:\Users\91935\eclipse-workspace\KiteAppProject\kiteapp\pom.xml.
2022-04-08 16:31:51,342 [Worker-5: Building] WARN  o.e.m.c.i.embedder.EclipseLogger - Using platform encoding (Cp1252 actually) to copy filtered resources, i.e. build is platform dependent!
2022-04-08 16:31:51,344 [Worker-5: Building] INFO  o.e.m.c.i.embedder.EclipseLogger - skip non existing resourceDirectory C:\Users\91935\eclipse-workspace\KiteAppProject\kiteapp\src\main\resources
2022-04-08 16:31:51,348 [Worker-5: Building] WARN  o.e.m.c.i.embedder.EclipseLogger - Using platform encoding (Cp1252 actually) to copy filtered resources, i.e. build is platform dependent!
2022-04-08 16:31:51,350 [Worker-5: Building] INFO  o.e.m.c.i.embedder.EclipseLogger - skip non existing resourceDirectory C:\Users\91935\eclipse-workspace\KiteAppProject\kiteapp\src\test\resources
2022-04-08 16:32:15,424 [Worker-13: Building] INFO  o.e.m.c.i.l.LifecycleMappingFactory - Using org.eclipse.m2e.jdt.JarLifecycleMapping lifecycle mapping for MavenProject: KiteApp12:KiteAppProject:0.0.1-SNAPSHOT @ C:\Users\91935\eclipse-workspace\KiteAppProject\kiteapp\pom.xml.
2022-04-08 16:32:15,608 [Worker-13: Building] WARN  o.e.m.c.i.embedder.EclipseLogger - Using platform encoding (Cp1252 actually) to copy filtered resources, i.e. build is platform dependent!
2022-04-08 16:32:15,610 [Worker-13: Building] INFO  o.e.m.c.i.embedder.EclipseLogger - skip non existing resourceDirectory C:\Users\91935\eclipse-workspace\KiteAppProject\kiteapp\src\main\resources
2022-04-08 16:32:15,612 [Worker-13: Building] WARN  o.e.m.c.i.embedder.EclipseLogger - Using platform encoding (Cp1252 actually) to copy filtered resources, i.e. build is platform dependent!
2022-04-08 16:32:15,614 [Worker-13: Building] INFO  o.e.m.c.i.embedder.EclipseLogger - skip non existing resourceDirectory C:\Users\91935\eclipse-workspace\KiteAppProject\kiteapp\src\test\resources
2022-04-08 16:34:58,668 [Worker-4: Building] INFO  o.e.m.c.i.l.LifecycleMappingFactory - Using org.eclipse.m2e.jdt.JarLifecycleMapping lifecycle mapping for MavenProject: KiteApp12:KiteAppProject:0.0.1-SNAPSHOT @ C:\Users\91935\eclipse-workspace\KiteAppProject\kite\pom.xml.
2022-04-08 16:34:58,856 [Worker-4: Building] WARN  o.e.m.c.i.embedder.EclipseLogger - Using platform encoding (Cp1252 actually) to copy filtered resources, i.e. build is platform dependent!
2022-04-08 16:34:58,859 [Worker-4: Building] INFO  o.e.m.c.i.embedder.EclipseLogger - skip non existing resourceDirectory C:\Users\91935\eclipse-workspace\KiteAppProject\kite\src\main\resources
2022-04-08 16:34:58,863 [Worker-4: Building] WARN  o.e.m.c.i.embedder.EclipseLogger - Using platform encoding (Cp1252 actually) to copy filtered resources, i.e. build is platform dependent!
2022-04-08 16:34:58,865 [Worker-4: Building] INFO  o.e.m.c.i.embedder.EclipseLogger - skip non existing resourceDirectory C:\Users\91935\eclipse-workspace\KiteAppProject\kite\src\test\resources
2022-04-08 16:35:26,779 [Worker-4: Building] INFO  o.e.m.c.i.l.LifecycleMappingFactory - Using org.eclipse.m2e.jdt.JarLifecycleMapping lifecycle mapping for MavenProject: KiteApp12:KiteAppProject:0.0.1-SNAPSHOT @ C:\Users\91935\eclipse-workspace\KiteAppProject\kite\pom.xml.
2022-04-08 16:35:27,038 [Worker-4: Building] WARN  o.e.m.c.i.embedder.EclipseLogger - Using platform encoding (Cp1252 actually) to copy filtered resources, i.e. build is platform dependent!
2022-04-08 16:35:27,041 [Worker-4: Building] INFO  o.e.m.c.i.embedder.EclipseLogger - skip non existing resourceDirectory C:\Users\91935\eclipse-workspace\KiteAppProject\kite\src\main\resources
2022-04-08 16:35:27,045 [Worker-4: Building] WARN  o.e.m.c.i.embedder.EclipseLogger - Using platform encoding (Cp1252 actually) to copy filtered resources, i.e. build is platform dependent!
2022-04-08 16:35:27,047 [Worker-4: Building] INFO  o.e.m.c.i.embedder.EclipseLogger - skip non existing resourceDirectory C:\Users\91935\eclipse-workspace\KiteAppProject\kite\src\test\resources
